0 info it worked if it ends with ok
1 verbose cli [ '/usr/bin/nodejs', '/usr/bin/npm', 'start' ]
2 info using npm@3.8.6
3 info using node@v5.11.1
4 warn invalid config registry=""
5 warn invalid config Must be a full url with 'http://'
6 verbose run-script [ 'prestart', 'start', 'poststart' ]
7 info lifecycle firstapp@0.0.0~prestart: firstapp@0.0.0
8 silly lifecycle firstapp@0.0.0~prestart: no script for prestart, continuing
9 info lifecycle firstapp@0.0.0~start: firstapp@0.0.0
10 verbose lifecycle firstapp@0.0.0~start: unsafe-perm in lifecycle true
11 verbose lifecycle firstapp@0.0.0~start: PATH: /usr/lib/node_modules/npm/bin/node-gyp-bin:/vagrant/firstapp/node_modules/.bin:/usr/bin:/usr/local/sbin:/usr/local/bin:/usr/sbin:/usr/bin:/sbin:/bin:/usr/games:/usr/local/games
12 verbose lifecycle firstapp@0.0.0~start: CWD: /vagrant/firstapp
13 silly lifecycle firstapp@0.0.0~start: Args: [ '-c', 'node ./bin/www' ]
14 silly lifecycle firstapp@0.0.0~start: Returned: code: 1  signal: null
15 info lifecycle firstapp@0.0.0~start: Failed to exec start script
16 verbose stack Error: firstapp@0.0.0 start: `node ./bin/www`
16 verbose stack Exit status 1
16 verbose stack     at EventEmitter.<anonymous> (/usr/lib/node_modules/npm/lib/utils/lifecycle.js:239:16)
16 verbose stack     at emitTwo (events.js:100:13)
16 verbose stack     at EventEmitter.emit (events.js:185:7)
16 verbose stack     at ChildProcess.<anonymous> (/usr/lib/node_modules/npm/lib/utils/spawn.js:24:14)
16 verbose stack     at emitTwo (events.js:100:13)
16 verbose stack     at ChildProcess.emit (events.js:185:7)
16 verbose stack     at maybeClose (internal/child_process.js:850:16)
16 verbose stack     at Process.ChildProcess._handle.onexit (internal/child_process.js:215:5)
17 verbose pkgid firstapp@0.0.0
18 verbose cwd /vagrant/firstapp
19 error Linux 4.2.0-22-generic
20 error argv "/usr/bin/nodejs" "/usr/bin/npm" "start"
21 error node v5.11.1
22 error npm  v3.8.6
23 error code ELIFECYCLE
24 error firstapp@0.0.0 start: `node ./bin/www`
24 error Exit status 1
25 error Failed at the firstapp@0.0.0 start script 'node ./bin/www'.
25 error Make sure you have the latest version of node.js and npm installed.
25 error If you do, this is most likely a problem with the firstapp package,
25 error not with npm itself.
25 error Tell the author that this fails on your system:
25 error     node ./bin/www
25 error You can get information on how to open an issue for this project with:
25 error     npm bugs firstapp
25 error Or if that isn't available, you can get their info via:
25 error     npm owner ls firstapp
25 error There is likely additional logging output above.
26 verbose exit [ 1, true ]
